<?xml version="1.0" encoding="UTF-8"?>
<testsuite xmlns:xsi="http://www.w3.org/2001/XMLSchema-instance" xsi:noNamespaceSchemaLocation="https://maven.apache.org/surefire/maven-surefire-plugin/xsd/surefire-test-report.xsd" version="3.0.2" name="com.microservice.configserver.ConfigserverApplicationTests" time="3.881" tests="1" errors="0" skipped="0" failures="0">
  <properties>
    <property name="java.specification.version" value="23"/>
    <property name="sun.jnu.encoding" value="UTF-8"/>
    <property name="java.class.path" value="/Users/neeravbhaskarla/Coding/springboot/spring_boot_projects/Job Preparation/configserver/target/test-classes:/Users/neeravbhaskarla/Coding/springboot/spring_boot_projects/Job Preparation/configserver/target/classes:/Users/neeravbhaskarla/.m2/repository/org/springframework/cloud/spring-cloud-config-server/4.2.1/spring-cloud-config-server-4.2.1.jar:/Users/neeravbhaskarla/.m2/repository/org/springframework/cloud/spring-cloud-config-client/4.2.1/spring-cloud-config-client-4.2.1.jar:/Users/neeravbhaskarla/.m2/repository/org/springframework/boot/spring-boot-autoconfigure/3.4.4/spring-boot-autoconfigure-3.4.4.jar:/Users/neeravbhaskarla/.m2/repository/org/springframework/spring-web/6.2.5/spring-web-6.2.5.jar:/Users/neeravbhaskarla/.m2/repository/org/springframework/spring-beans/6.2.5/spring-beans-6.2.5.jar:/Users/neeravbhaskarla/.m2/repository/com/fasterxml/jackson/core/jackson-annotations/2.18.3/jackson-annotations-2.18.3.jar:/Users/neeravbhaskarla/.m2/repository/com/fasterxml/jackson/core/jackson-databind/2.18.3/jackson-databind-2.18.3.jar:/Users/neeravbhaskarla/.m2/repository/io/micrometer/micrometer-observation/1.14.5/micrometer-observation-1.14.5.jar:/Users/neeravbhaskarla/.m2/repository/io/micrometer/micrometer-commons/1.14.5/micrometer-commons-1.14.5.jar:/Users/neeravbhaskarla/.m2/repository/org/springframework/boot/spring-boot-starter-web/3.4.4/spring-boot-starter-web-3.4.4.jar:/Users/neeravbhaskarla/.m2/repository/org/springframework/boot/spring-boot-starter-json/3.4.4/spring-boot-starter-json-3.4.4.jar:/Users/neeravbhaskarla/.m2/repository/com/fasterxml/jackson/datatype/jackson-datatype-jdk8/2.18.3/jackson-datatype-jdk8-2.18.3.jar:/Users/neeravbhaskarla/.m2/repository/com/fasterxml/jackson/datatype/jackson-datatype-jsr310/2.18.3/jackson-datatype-jsr310-2.18.3.jar:/Users/neeravbhaskarla/.m2/repository/com/fasterxml/jackson/module/jackson-module-parameter-names/2.18.3/jackson-module-parameter-names-2.18.3.jar:/Users/neeravbhaskarla/.m2/repository/org/springframework/boot/spring-boot-starter-tomcat/3.4.4/spring-boot-starter-tomcat-3.4.4.jar:/Users/neeravbhaskarla/.m2/repository/org/apache/tomcat/embed/tomcat-embed-core/10.1.39/tomcat-embed-core-10.1.39.jar:/Users/neeravbhaskarla/.m2/repository/org/apache/tomcat/embed/tomcat-embed-websocket/10.1.39/tomcat-embed-websocket-10.1.39.jar:/Users/neeravbhaskarla/.m2/repository/org/springframework/spring-webmvc/6.2.5/spring-webmvc-6.2.5.jar:/Users/neeravbhaskarla/.m2/repository/org/springframework/spring-aop/6.2.5/spring-aop-6.2.5.jar:/Users/neeravbhaskarla/.m2/repository/org/springframework/spring-context/6.2.5/spring-context-6.2.5.jar:/Users/neeravbhaskarla/.m2/repository/org/springframework/spring-expression/6.2.5/spring-expression-6.2.5.jar:/Users/neeravbhaskarla/.m2/repository/org/springframework/boot/spring-boot-starter-validation/3.4.4/spring-boot-starter-validation-3.4.4.jar:/Users/neeravbhaskarla/.m2/repository/org/apache/tomcat/embed/tomcat-embed-el/10.1.39/tomcat-embed-el-10.1.39.jar:/Users/neeravbhaskarla/.m2/repository/org/hibernate/validator/hibernate-validator/8.0.2.Final/hibernate-validator-8.0.2.Final.jar:/Users/neeravbhaskarla/.m2/repository/jakarta/validation/jakarta.validation-api/3.0.2/jakarta.validation-api-3.0.2.jar:/Users/neeravbhaskarla/.m2/repository/org/jboss/logging/jboss-logging/3.6.1.Final/jboss-logging-3.6.1.Final.jar:/Users/neeravbhaskarla/.m2/repository/com/fasterxml/classmate/1.7.0/classmate-1.7.0.jar:/Users/neeravbhaskarla/.m2/repository/org/springframework/security/spring-security-crypto/6.4.4/spring-security-crypto-6.4.4.jar:/Users/neeravbhaskarla/.m2/repository/org/apache/httpcomponents/client5/httpclient5/5.4.2/httpclient5-5.4.2.jar:/Users/neeravbhaskarla/.m2/repository/org/apache/httpcomponents/core5/httpcore5/5.3.3/httpcore5-5.3.3.jar:/Users/neeravbhaskarla/.m2/repository/org/apache/httpcomponents/core5/httpcore5-h2/5.3.3/httpcore5-h2-5.3.3.jar:/Users/neeravbhaskarla/.m2/repository/org/slf4j/slf4j-api/2.0.17/slf4j-api-2.0.17.jar:/Users/neeravbhaskarla/.m2/repository/org/eclipse/jgit/org.eclipse.jgit/6.10.0.202406032230-r/org.eclipse.jgit-6.10.0.202406032230-r.jar:/Users/neeravbhaskarla/.m2/repository/com/googlecode/javaewah/JavaEWAH/1.2.3/JavaEWAH-1.2.3.jar:/Users/neeravbhaskarla/.m2/repository/commons-codec/commons-codec/1.17.2/commons-codec-1.17.2.jar:/Users/neeravbhaskarla/.m2/repository/org/eclipse/jgit/org.eclipse.jgit.http.apache/6.10.0.202406032230-r/org.eclipse.jgit.http.apache-6.10.0.202406032230-r.jar:/Users/neeravbhaskarla/.m2/repository/org/apache/httpcomponents/httpclient/4.5.14/httpclient-4.5.14.jar:/Users/neeravbhaskarla/.m2/repository/commons-logging/commons-logging/1.2/commons-logging-1.2.jar:/Users/neeravbhaskarla/.m2/repository/org/apache/httpcomponents/httpcore/4.4.16/httpcore-4.4.16.jar:/Users/neeravbhaskarla/.m2/repository/org/eclipse/jgit/org.eclipse.jgit.ssh.apache/6.10.0.202406032230-r/org.eclipse.jgit.ssh.apache-6.10.0.202406032230-r.jar:/Users/neeravbhaskarla/.m2/repository/org/apache/sshd/sshd-osgi/2.12.1/sshd-osgi-2.12.1.jar:/Users/neeravbhaskarla/.m2/repository/org/slf4j/jcl-over-slf4j/2.0.17/jcl-over-slf4j-2.0.17.jar:/Users/neeravbhaskarla/.m2/repository/org/apache/sshd/sshd-sftp/2.12.1/sshd-sftp-2.12.1.jar:/Users/neeravbhaskarla/.m2/repository/net/i2p/crypto/eddsa/0.3.0/eddsa-0.3.0.jar:/Users/neeravbhaskarla/.m2/repository/org/yaml/snakeyaml/2.3/snakeyaml-2.3.jar:/Users/neeravbhaskarla/.m2/repository/com/fasterxml/jackson/dataformat/jackson-dataformat-yaml/2.18.3/jackson-dataformat-yaml-2.18.3.jar:/Users/neeravbhaskarla/.m2/repository/com/fasterxml/jackson/core/jackson-core/2.18.3/jackson-core-2.18.3.jar:/Users/neeravbhaskarla/.m2/repository/org/springframework/cloud/spring-cloud-starter-netflix-eureka-client/4.2.1/spring-cloud-starter-netflix-eureka-client-4.2.1.jar:/Users/neeravbhaskarla/.m2/repository/org/springframework/cloud/spring-cloud-starter/4.2.1/spring-cloud-starter-4.2.1.jar:/Users/neeravbhaskarla/.m2/repository/org/springframework/cloud/spring-cloud-context/4.2.1/spring-cloud-context-4.2.1.jar:/Users/neeravbhaskarla/.m2/repository/org/springframework/cloud/spring-cloud-commons/4.2.1/spring-cloud-commons-4.2.1.jar:/Users/neeravbhaskarla/.m2/repository/org/bouncycastle/bcprov-jdk18on/1.78.1/bcprov-jdk18on-1.78.1.jar:/Users/neeravbhaskarla/.m2/repository/org/springframework/cloud/spring-cloud-netflix-eureka-client/4.2.1/spring-cloud-netflix-eureka-client-4.2.1.jar:/Users/neeravbhaskarla/.m2/repository/com/netflix/eureka/eureka-client/2.0.4/eureka-client-2.0.4.jar:/Users/neeravbhaskarla/.m2/repository/com/thoughtworks/xstream/xstream/1.4.20/xstream-1.4.20.jar:/Users/neeravbhaskarla/.m2/repository/io/github/x-stream/mxparser/1.2.2/mxparser-1.2.2.jar:/Users/neeravbhaskarla/.m2/repository/xmlpull/xmlpull/1.1.3.1/xmlpull-1.1.3.1.jar:/Users/neeravbhaskarla/.m2/repository/jakarta/ws/rs/jakarta.ws.rs-api/3.1.0/jakarta.ws.rs-api-3.1.0.jar:/Users/neeravbhaskarla/.m2/repository/jakarta/inject/jakarta.inject-api/2.0.1/jakarta.inject-api-2.0.1.jar:/Users/neeravbhaskarla/.m2/repository/jakarta/annotation/jakarta.annotation-api/2.1.1/jakarta.annotation-api-2.1.1.jar:/Users/neeravbhaskarla/.m2/repository/com/netflix/spectator/spectator-api/1.7.3/spectator-api-1.7.3.jar:/Users/neeravbhaskarla/.m2/repository/commons-configuration/commons-configuration/1.10/commons-configuration-1.10.jar:/Users/neeravbhaskarla/.m2/repository/commons-lang/commons-lang/2.6/commons-lang-2.6.jar:/Users/neeravbhaskarla/.m2/repository/com/netflix/netflix-commons/netflix-eventbus/0.3.0/netflix-eventbus-0.3.0.jar:/Users/neeravbhaskarla/.m2/repository/com/netflix/netflix-commons/netflix-infix/0.3.0/netflix-infix-0.3.0.jar:/Users/neeravbhaskarla/.m2/repository/commons-jxpath/commons-jxpath/1.3/commons-jxpath-1.3.jar:/Users/neeravbhaskarla/.m2/repository/joda-time/joda-time/2.3/joda-time-2.3.jar:/Users/neeravbhaskarla/.m2/repository/org/antlr/antlr-runtime/3.4/antlr-runtime-3.4.jar:/Users/neeravbhaskarla/.m2/repository/org/antlr/stringtemplate/3.2.1/stringtemplate-3.2.1.jar:/Users/neeravbhaskarla/.m2/repository/antlr/antlr/2.7.7/antlr-2.7.7.jar:/Users/neeravbhaskarla/.m2/repository/com/google/guava/guava/14.0.1/guava-14.0.1.jar:/Users/neeravbhaskarla/.m2/repository/com/google/code/gson/gson/2.11.0/gson-2.11.0.jar:/Users/neeravbhaskarla/.m2/repository/com/google/errorprone/error_prone_annotations/2.27.0/error_prone_annotations-2.27.0.jar:/Users/neeravbhaskarla/.m2/repository/com/netflix/servo/servo-core/0.5.3/servo-core-0.5.3.jar:/Users/neeravbhaskarla/.m2/repository/org/apache/commons/commons-math/2.2/commons-math-2.2.jar:/Users/neeravbhaskarla/.m2/repository/javax/annotation/javax.annotation-api/1.2/javax.annotation-api-1.2.jar:/Users/neeravbhaskarla/.m2/repository/org/codehaus/jettison/jettison/1.5.4/jettison-1.5.4.jar:/Users/neeravbhaskarla/.m2/repository/org/springframework/cloud/spring-cloud-starter-loadbalancer/4.2.1/spring-cloud-starter-loadbalancer-4.2.1.jar:/Users/neeravbhaskarla/.m2/repository/org/springframework/cloud/spring-cloud-loadbalancer/4.2.1/spring-cloud-loadbalancer-4.2.1.jar:/Users/neeravbhaskarla/.m2/repository/io/projectreactor/reactor-core/3.7.4/reactor-core-3.7.4.jar:/Users/neeravbhaskarla/.m2/repository/org/reactivestreams/reactive-streams/1.0.4/reactive-streams-1.0.4.jar:/Users/neeravbhaskarla/.m2/repository/io/projectreactor/addons/reactor-extra/3.5.2/reactor-extra-3.5.2.jar:/Users/neeravbhaskarla/.m2/repository/org/springframework/boot/spring-boot-starter-cache/3.4.4/spring-boot-starter-cache-3.4.4.jar:/Users/neeravbhaskarla/.m2/repository/org/springframework/spring-context-support/6.2.5/spring-context-support-6.2.5.jar:/Users/neeravbhaskarla/.m2/repository/com/stoyanr/evictor/1.0.0/evictor-1.0.0.jar:/Users/neeravbhaskarla/.m2/repository/org/springframework/boot/spring-boot-starter-test/3.4.4/spring-boot-starter-test-3.4.4.jar:/Users/neeravbhaskarla/.m2/repository/org/springframework/boot/spring-boot-starter/3.4.4/spring-boot-starter-3.4.4.jar:/Users/neeravbhaskarla/.m2/repository/org/springframework/boot/spring-boot/3.4.4/spring-boot-3.4.4.jar:/Users/neeravbhaskarla/.m2/repository/org/springframework/boot/spring-boot-starter-logging/3.4.4/spring-boot-starter-logging-3.4.4.jar:/Users/neeravbhaskarla/.m2/repository/ch/qos/logback/logback-classic/1.5.18/logback-classic-1.5.18.jar:/Users/neeravbhaskarla/.m2/repository/ch/qos/logback/logback-core/1.5.18/logback-core-1.5.18.jar:/Users/neeravbhaskarla/.m2/repository/org/apache/logging/log4j/log4j-to-slf4j/2.24.3/log4j-to-slf4j-2.24.3.jar:/Users/neeravbhaskarla/.m2/repository/org/apache/logging/log4j/log4j-api/2.24.3/log4j-api-2.24.3.jar:/Users/neeravbhaskarla/.m2/repository/org/slf4j/jul-to-slf4j/2.0.17/jul-to-slf4j-2.0.17.jar:/Users/neeravbhaskarla/.m2/repository/org/springframework/boot/spring-boot-test/3.4.4/spring-boot-test-3.4.4.jar:/Users/neeravbhaskarla/.m2/repository/org/springframework/boot/spring-boot-test-autoconfigure/3.4.4/spring-boot-test-autoconfigure-3.4.4.jar:/Users/neeravbhaskarla/.m2/repository/com/jayway/jsonpath/json-path/2.9.0/json-path-2.9.0.jar:/Users/neeravbhaskarla/.m2/repository/jakarta/xml/bind/jakarta.xml.bind-api/4.0.2/jakarta.xml.bind-api-4.0.2.jar:/Users/neeravbhaskarla/.m2/repository/jakarta/activation/jakarta.activation-api/2.1.3/jakarta.activation-api-2.1.3.jar:/Users/neeravbhaskarla/.m2/repository/net/minidev/json-smart/2.5.2/json-smart-2.5.2.jar:/Users/neeravbhaskarla/.m2/repository/net/minidev/accessors-smart/2.5.2/accessors-smart-2.5.2.jar:/Users/neeravbhaskarla/.m2/repository/org/ow2/asm/asm/9.7.1/asm-9.7.1.jar:/Users/neeravbhaskarla/.m2/repository/org/assertj/assertj-core/3.26.3/assertj-core-3.26.3.jar:/Users/neeravbhaskarla/.m2/repository/net/bytebuddy/byte-buddy/1.15.11/byte-buddy-1.15.11.jar:/Users/neeravbhaskarla/.m2/repository/org/awaitility/awaitility/4.2.2/awaitility-4.2.2.jar:/Users/neeravbhaskarla/.m2/repository/org/hamcrest/hamcrest/2.2/hamcrest-2.2.jar:/Users/neeravbhaskarla/.m2/repository/org/junit/jupiter/junit-jupiter/5.11.4/junit-jupiter-5.11.4.jar:/Users/neeravbhaskarla/.m2/repository/org/junit/jupiter/junit-jupiter-api/5.11.4/junit-jupiter-api-5.11.4.jar:/Users/neeravbhaskarla/.m2/repository/org/opentest4j/opentest4j/1.3.0/opentest4j-1.3.0.jar:/Users/neeravbhaskarla/.m2/repository/org/junit/platform/junit-platform-commons/1.11.4/junit-platform-commons-1.11.4.jar:/Users/neeravbhaskarla/.m2/repository/org/apiguardian/apiguardian-api/1.1.2/apiguardian-api-1.1.2.jar:/Users/neeravbhaskarla/.m2/repository/org/junit/jupiter/junit-jupiter-params/5.11.4/junit-jupiter-params-5.11.4.jar:/Users/neeravbhaskarla/.m2/repository/org/junit/jupiter/junit-jupiter-engine/5.11.4/junit-jupiter-engine-5.11.4.jar:/Users/neeravbhaskarla/.m2/repository/org/junit/platform/junit-platform-engine/1.11.4/junit-platform-engine-1.11.4.jar:/Users/neeravbhaskarla/.m2/repository/org/mockito/mockito-core/5.14.2/mockito-core-5.14.2.jar:/Users/neeravbhaskarla/.m2/repository/net/bytebuddy/byte-buddy-agent/1.15.11/byte-buddy-agent-1.15.11.jar:/Users/neeravbhaskarla/.m2/repository/org/objenesis/objenesis/3.3/objenesis-3.3.jar:/Users/neeravbhaskarla/.m2/repository/org/mockito/mockito-junit-jupiter/5.14.2/mockito-junit-jupiter-5.14.2.jar:/Users/neeravbhaskarla/.m2/repository/org/skyscreamer/jsonassert/1.5.3/jsonassert-1.5.3.jar:/Users/neeravbhaskarla/.m2/repository/com/vaadin/external/google/android-json/0.0.20131108.vaadin1/android-json-0.0.20131108.vaadin1.jar:/Users/neeravbhaskarla/.m2/repository/org/springframework/spring-core/6.2.5/spring-core-6.2.5.jar:/Users/neeravbhaskarla/.m2/repository/org/springframework/spring-jcl/6.2.5/spring-jcl-6.2.5.jar:/Users/neeravbhaskarla/.m2/repository/org/springframework/spring-test/6.2.5/spring-test-6.2.5.jar:/Users/neeravbhaskarla/.m2/repository/org/xmlunit/xmlunit-core/2.10.0/xmlunit-core-2.10.0.jar:"/>
    <property name="java.vm.vendor" value="Oracle Corporation"/>
    <property name="sun.arch.data.model" value="64"/>
    <property name="java.vendor.url" value="https://java.oracle.com/"/>
    <property name="user.timezone" value="Asia/Kolkata"/>
    <property name="org.jboss.logging.provider" value="slf4j"/>
    <property name="os.name" value="Mac OS X"/>
    <property name="java.vm.specification.version" value="23"/>
    <property name="APPLICATION_NAME" value="configserver"/>
    <property name="sun.java.launcher" value="SUN_STANDARD"/>
    <property name="user.country" value="IN"/>
    <property name="sun.boot.library.path" value="/Users/neeravbhaskarla/.sdkman/candidates/java/23.0.1-graal/lib"/>
    <property name="sun.java.command" value="/Users/neeravbhaskarla/Coding/springboot/spring_boot_projects/Job Preparation/configserver/target/surefire/surefirebooter-20250412002200943_3.jar /Users/neeravbhaskarla/Coding/springboot/spring_boot_projects/Job Preparation/configserver/target/surefire 2025-04-12T00-22-00_896-jvmRun1 surefire-20250412002200943_1tmp surefire_0-20250412002200943_2tmp"/>
    <property name="http.nonProxyHosts" value="local|*.local|169.254/16|*.169.254/16"/>
    <property name="jdk.debug" value="release"/>
    <property name="surefire.test.class.path" value="/Users/neeravbhaskarla/Coding/springboot/spring_boot_projects/Job Preparation/configserver/target/test-classes:/Users/neeravbhaskarla/Coding/springboot/spring_boot_projects/Job Preparation/configserver/target/classes:/Users/neeravbhaskarla/.m2/repository/org/springframework/cloud/spring-cloud-config-server/4.2.1/spring-cloud-config-server-4.2.1.jar:/Users/neeravbhaskarla/.m2/repository/org/springframework/cloud/spring-cloud-config-client/4.2.1/spring-cloud-config-client-4.2.1.jar:/Users/neeravbhaskarla/.m2/repository/org/springframework/boot/spring-boot-autoconfigure/3.4.4/spring-boot-autoconfigure-3.4.4.jar:/Users/neeravbhaskarla/.m2/repository/org/springframework/spring-web/6.2.5/spring-web-6.2.5.jar:/Users/neeravbhaskarla/.m2/repository/org/springframework/spring-beans/6.2.5/spring-beans-6.2.5.jar:/Users/neeravbhaskarla/.m2/repository/com/fasterxml/jackson/core/jackson-annotations/2.18.3/jackson-annotations-2.18.3.jar:/Users/neeravbhaskarla/.m2/repository/com/fasterxml/jackson/core/jackson-databind/2.18.3/jackson-databind-2.18.3.jar:/Users/neeravbhaskarla/.m2/repository/io/micrometer/micrometer-observation/1.14.5/micrometer-observation-1.14.5.jar:/Users/neeravbhaskarla/.m2/repository/io/micrometer/micrometer-commons/1.14.5/micrometer-commons-1.14.5.jar:/Users/neeravbhaskarla/.m2/repository/org/springframework/boot/spring-boot-starter-web/3.4.4/spring-boot-starter-web-3.4.4.jar:/Users/neeravbhaskarla/.m2/repository/org/springframework/boot/spring-boot-starter-json/3.4.4/spring-boot-starter-json-3.4.4.jar:/Users/neeravbhaskarla/.m2/repository/com/fasterxml/jackson/datatype/jackson-datatype-jdk8/2.18.3/jackson-datatype-jdk8-2.18.3.jar:/Users/neeravbhaskarla/.m2/repository/com/fasterxml/jackson/datatype/jackson-datatype-jsr310/2.18.3/jackson-datatype-jsr310-2.18.3.jar:/Users/neeravbhaskarla/.m2/repository/com/fasterxml/jackson/module/jackson-module-parameter-names/2.18.3/jackson-module-parameter-names-2.18.3.jar:/Users/neeravbhaskarla/.m2/repository/org/springframework/boot/spring-boot-starter-tomcat/3.4.4/spring-boot-starter-tomcat-3.4.4.jar:/Users/neeravbhaskarla/.m2/repository/org/apache/tomcat/embed/tomcat-embed-core/10.1.39/tomcat-embed-core-10.1.39.jar:/Users/neeravbhaskarla/.m2/repository/org/apache/tomcat/embed/tomcat-embed-websocket/10.1.39/tomcat-embed-websocket-10.1.39.jar:/Users/neeravbhaskarla/.m2/repository/org/springframework/spring-webmvc/6.2.5/spring-webmvc-6.2.5.jar:/Users/neeravbhaskarla/.m2/repository/org/springframework/spring-aop/6.2.5/spring-aop-6.2.5.jar:/Users/neeravbhaskarla/.m2/repository/org/springframework/spring-context/6.2.5/spring-context-6.2.5.jar:/Users/neeravbhaskarla/.m2/repository/org/springframework/spring-expression/6.2.5/spring-expression-6.2.5.jar:/Users/neeravbhaskarla/.m2/repository/org/springframework/boot/spring-boot-starter-validation/3.4.4/spring-boot-starter-validation-3.4.4.jar:/Users/neeravbhaskarla/.m2/repository/org/apache/tomcat/embed/tomcat-embed-el/10.1.39/tomcat-embed-el-10.1.39.jar:/Users/neeravbhaskarla/.m2/repository/org/hibernate/validator/hibernate-validator/8.0.2.Final/hibernate-validator-8.0.2.Final.jar:/Users/neeravbhaskarla/.m2/repository/jakarta/validation/jakarta.validation-api/3.0.2/jakarta.validation-api-3.0.2.jar:/Users/neeravbhaskarla/.m2/repository/org/jboss/logging/jboss-logging/3.6.1.Final/jboss-logging-3.6.1.Final.jar:/Users/neeravbhaskarla/.m2/repository/com/fasterxml/classmate/1.7.0/classmate-1.7.0.jar:/Users/neeravbhaskarla/.m2/repository/org/springframework/security/spring-security-crypto/6.4.4/spring-security-crypto-6.4.4.jar:/Users/neeravbhaskarla/.m2/repository/org/apache/httpcomponents/client5/httpclient5/5.4.2/httpclient5-5.4.2.jar:/Users/neeravbhaskarla/.m2/repository/org/apache/httpcomponents/core5/httpcore5/5.3.3/httpcore5-5.3.3.jar:/Users/neeravbhaskarla/.m2/repository/org/apache/httpcomponents/core5/httpcore5-h2/5.3.3/httpcore5-h2-5.3.3.jar:/Users/neeravbhaskarla/.m2/repository/org/slf4j/slf4j-api/2.0.17/slf4j-api-2.0.17.jar:/Users/neeravbhaskarla/.m2/repository/org/eclipse/jgit/org.eclipse.jgit/6.10.0.202406032230-r/org.eclipse.jgit-6.10.0.202406032230-r.jar:/Users/neeravbhaskarla/.m2/repository/com/googlecode/javaewah/JavaEWAH/1.2.3/JavaEWAH-1.2.3.jar:/Users/neeravbhaskarla/.m2/repository/commons-codec/commons-codec/1.17.2/commons-codec-1.17.2.jar:/Users/neeravbhaskarla/.m2/repository/org/eclipse/jgit/org.eclipse.jgit.http.apache/6.10.0.202406032230-r/org.eclipse.jgit.http.apache-6.10.0.202406032230-r.jar:/Users/neeravbhaskarla/.m2/repository/org/apache/httpcomponents/httpclient/4.5.14/httpclient-4.5.14.jar:/Users/neeravbhaskarla/.m2/repository/commons-logging/commons-logging/1.2/commons-logging-1.2.jar:/Users/neeravbhaskarla/.m2/repository/org/apache/httpcomponents/httpcore/4.4.16/httpcore-4.4.16.jar:/Users/neeravbhaskarla/.m2/repository/org/eclipse/jgit/org.eclipse.jgit.ssh.apache/6.10.0.202406032230-r/org.eclipse.jgit.ssh.apache-6.10.0.202406032230-r.jar:/Users/neeravbhaskarla/.m2/repository/org/apache/sshd/sshd-osgi/2.12.1/sshd-osgi-2.12.1.jar:/Users/neeravbhaskarla/.m2/repository/org/slf4j/jcl-over-slf4j/2.0.17/jcl-over-slf4j-2.0.17.jar:/Users/neeravbhaskarla/.m2/repository/org/apache/sshd/sshd-sftp/2.12.1/sshd-sftp-2.12.1.jar:/Users/neeravbhaskarla/.m2/repository/net/i2p/crypto/eddsa/0.3.0/eddsa-0.3.0.jar:/Users/neeravbhaskarla/.m2/repository/org/yaml/snakeyaml/2.3/snakeyaml-2.3.jar:/Users/neeravbhaskarla/.m2/repository/com/fasterxml/jackson/dataformat/jackson-dataformat-yaml/2.18.3/jackson-dataformat-yaml-2.18.3.jar:/Users/neeravbhaskarla/.m2/repository/com/fasterxml/jackson/core/jackson-core/2.18.3/jackson-core-2.18.3.jar:/Users/neeravbhaskarla/.m2/repository/org/springframework/cloud/spring-cloud-starter-netflix-eureka-client/4.2.1/spring-cloud-starter-netflix-eureka-client-4.2.1.jar:/Users/neeravbhaskarla/.m2/repository/org/springframework/cloud/spring-cloud-starter/4.2.1/spring-cloud-starter-4.2.1.jar:/Users/neeravbhaskarla/.m2/repository/org/springframework/cloud/spring-cloud-context/4.2.1/spring-cloud-context-4.2.1.jar:/Users/neeravbhaskarla/.m2/repository/org/springframework/cloud/spring-cloud-commons/4.2.1/spring-cloud-commons-4.2.1.jar:/Users/neeravbhaskarla/.m2/repository/org/bouncycastle/bcprov-jdk18on/1.78.1/bcprov-jdk18on-1.78.1.jar:/Users/neeravbhaskarla/.m2/repository/org/springframework/cloud/spring-cloud-netflix-eureka-client/4.2.1/spring-cloud-netflix-eureka-client-4.2.1.jar:/Users/neeravbhaskarla/.m2/repository/com/netflix/eureka/eureka-client/2.0.4/eureka-client-2.0.4.jar:/Users/neeravbhaskarla/.m2/repository/com/thoughtworks/xstream/xstream/1.4.20/xstream-1.4.20.jar:/Users/neeravbhaskarla/.m2/repository/io/github/x-stream/mxparser/1.2.2/mxparser-1.2.2.jar:/Users/neeravbhaskarla/.m2/repository/xmlpull/xmlpull/1.1.3.1/xmlpull-1.1.3.1.jar:/Users/neeravbhaskarla/.m2/repository/jakarta/ws/rs/jakarta.ws.rs-api/3.1.0/jakarta.ws.rs-api-3.1.0.jar:/Users/neeravbhaskarla/.m2/repository/jakarta/inject/jakarta.inject-api/2.0.1/jakarta.inject-api-2.0.1.jar:/Users/neeravbhaskarla/.m2/repository/jakarta/annotation/jakarta.annotation-api/2.1.1/jakarta.annotation-api-2.1.1.jar:/Users/neeravbhaskarla/.m2/repository/com/netflix/spectator/spectator-api/1.7.3/spectator-api-1.7.3.jar:/Users/neeravbhaskarla/.m2/repository/commons-configuration/commons-configuration/1.10/commons-configuration-1.10.jar:/Users/neeravbhaskarla/.m2/repository/commons-lang/commons-lang/2.6/commons-lang-2.6.jar:/Users/neeravbhaskarla/.m2/repository/com/netflix/netflix-commons/netflix-eventbus/0.3.0/netflix-eventbus-0.3.0.jar:/Users/neeravbhaskarla/.m2/repository/com/netflix/netflix-commons/netflix-infix/0.3.0/netflix-infix-0.3.0.jar:/Users/neeravbhaskarla/.m2/repository/commons-jxpath/commons-jxpath/1.3/commons-jxpath-1.3.jar:/Users/neeravbhaskarla/.m2/repository/joda-time/joda-time/2.3/joda-time-2.3.jar:/Users/neeravbhaskarla/.m2/repository/org/antlr/antlr-runtime/3.4/antlr-runtime-3.4.jar:/Users/neeravbhaskarla/.m2/repository/org/antlr/stringtemplate/3.2.1/stringtemplate-3.2.1.jar:/Users/neeravbhaskarla/.m2/repository/antlr/antlr/2.7.7/antlr-2.7.7.jar:/Users/neeravbhaskarla/.m2/repository/com/google/guava/guava/14.0.1/guava-14.0.1.jar:/Users/neeravbhaskarla/.m2/repository/com/google/code/gson/gson/2.11.0/gson-2.11.0.jar:/Users/neeravbhaskarla/.m2/repository/com/google/errorprone/error_prone_annotations/2.27.0/error_prone_annotations-2.27.0.jar:/Users/neeravbhaskarla/.m2/repository/com/netflix/servo/servo-core/0.5.3/servo-core-0.5.3.jar:/Users/neeravbhaskarla/.m2/repository/org/apache/commons/commons-math/2.2/commons-math-2.2.jar:/Users/neeravbhaskarla/.m2/repository/javax/annotation/javax.annotation-api/1.2/javax.annotation-api-1.2.jar:/Users/neeravbhaskarla/.m2/repository/org/codehaus/jettison/jettison/1.5.4/jettison-1.5.4.jar:/Users/neeravbhaskarla/.m2/repository/org/springframework/cloud/spring-cloud-starter-loadbalancer/4.2.1/spring-cloud-starter-loadbalancer-4.2.1.jar:/Users/neeravbhaskarla/.m2/repository/org/springframework/cloud/spring-cloud-loadbalancer/4.2.1/spring-cloud-loadbalancer-4.2.1.jar:/Users/neeravbhaskarla/.m2/repository/io/projectreactor/reactor-core/3.7.4/reactor-core-3.7.4.jar:/Users/neeravbhaskarla/.m2/repository/org/reactivestreams/reactive-streams/1.0.4/reactive-streams-1.0.4.jar:/Users/neeravbhaskarla/.m2/repository/io/projectreactor/addons/reactor-extra/3.5.2/reactor-extra-3.5.2.jar:/Users/neeravbhaskarla/.m2/repository/org/springframework/boot/spring-boot-starter-cache/3.4.4/spring-boot-starter-cache-3.4.4.jar:/Users/neeravbhaskarla/.m2/repository/org/springframework/spring-context-support/6.2.5/spring-context-support-6.2.5.jar:/Users/neeravbhaskarla/.m2/repository/com/stoyanr/evictor/1.0.0/evictor-1.0.0.jar:/Users/neeravbhaskarla/.m2/repository/org/springframework/boot/spring-boot-starter-test/3.4.4/spring-boot-starter-test-3.4.4.jar:/Users/neeravbhaskarla/.m2/repository/org/springframework/boot/spring-boot-starter/3.4.4/spring-boot-starter-3.4.4.jar:/Users/neeravbhaskarla/.m2/repository/org/springframework/boot/spring-boot/3.4.4/spring-boot-3.4.4.jar:/Users/neeravbhaskarla/.m2/repository/org/springframework/boot/spring-boot-starter-logging/3.4.4/spring-boot-starter-logging-3.4.4.jar:/Users/neeravbhaskarla/.m2/repository/ch/qos/logback/logback-classic/1.5.18/logback-classic-1.5.18.jar:/Users/neeravbhaskarla/.m2/repository/ch/qos/logback/logback-core/1.5.18/logback-core-1.5.18.jar:/Users/neeravbhaskarla/.m2/repository/org/apache/logging/log4j/log4j-to-slf4j/2.24.3/log4j-to-slf4j-2.24.3.jar:/Users/neeravbhaskarla/.m2/repository/org/apache/logging/log4j/log4j-api/2.24.3/log4j-api-2.24.3.jar:/Users/neeravbhaskarla/.m2/repository/org/slf4j/jul-to-slf4j/2.0.17/jul-to-slf4j-2.0.17.jar:/Users/neeravbhaskarla/.m2/repository/org/springframework/boot/spring-boot-test/3.4.4/spring-boot-test-3.4.4.jar:/Users/neeravbhaskarla/.m2/repository/org/springframework/boot/spring-boot-test-autoconfigure/3.4.4/spring-boot-test-autoconfigure-3.4.4.jar:/Users/neeravbhaskarla/.m2/repository/com/jayway/jsonpath/json-path/2.9.0/json-path-2.9.0.jar:/Users/neeravbhaskarla/.m2/repository/jakarta/xml/bind/jakarta.xml.bind-api/4.0.2/jakarta.xml.bind-api-4.0.2.jar:/Users/neeravbhaskarla/.m2/repository/jakarta/activation/jakarta.activation-api/2.1.3/jakarta.activation-api-2.1.3.jar:/Users/neeravbhaskarla/.m2/repository/net/minidev/json-smart/2.5.2/json-smart-2.5.2.jar:/Users/neeravbhaskarla/.m2/repository/net/minidev/accessors-smart/2.5.2/accessors-smart-2.5.2.jar:/Users/neeravbhaskarla/.m2/repository/org/ow2/asm/asm/9.7.1/asm-9.7.1.jar:/Users/neeravbhaskarla/.m2/repository/org/assertj/assertj-core/3.26.3/assertj-core-3.26.3.jar:/Users/neeravbhaskarla/.m2/repository/net/bytebuddy/byte-buddy/1.15.11/byte-buddy-1.15.11.jar:/Users/neeravbhaskarla/.m2/repository/org/awaitility/awaitility/4.2.2/awaitility-4.2.2.jar:/Users/neeravbhaskarla/.m2/repository/org/hamcrest/hamcrest/2.2/hamcrest-2.2.jar:/Users/neeravbhaskarla/.m2/repository/org/junit/jupiter/junit-jupiter/5.11.4/junit-jupiter-5.11.4.jar:/Users/neeravbhaskarla/.m2/repository/org/junit/jupiter/junit-jupiter-api/5.11.4/junit-jupiter-api-5.11.4.jar:/Users/neeravbhaskarla/.m2/repository/org/opentest4j/opentest4j/1.3.0/opentest4j-1.3.0.jar:/Users/neeravbhaskarla/.m2/repository/org/junit/platform/junit-platform-commons/1.11.4/junit-platform-commons-1.11.4.jar:/Users/neeravbhaskarla/.m2/repository/org/apiguardian/apiguardian-api/1.1.2/apiguardian-api-1.1.2.jar:/Users/neeravbhaskarla/.m2/repository/org/junit/jupiter/junit-jupiter-params/5.11.4/junit-jupiter-params-5.11.4.jar:/Users/neeravbhaskarla/.m2/repository/org/junit/jupiter/junit-jupiter-engine/5.11.4/junit-jupiter-engine-5.11.4.jar:/Users/neeravbhaskarla/.m2/repository/org/junit/platform/junit-platform-engine/1.11.4/junit-platform-engine-1.11.4.jar:/Users/neeravbhaskarla/.m2/repository/org/mockito/mockito-core/5.14.2/mockito-core-5.14.2.jar:/Users/neeravbhaskarla/.m2/repository/net/bytebuddy/byte-buddy-agent/1.15.11/byte-buddy-agent-1.15.11.jar:/Users/neeravbhaskarla/.m2/repository/org/objenesis/objenesis/3.3/objenesis-3.3.jar:/Users/neeravbhaskarla/.m2/repository/org/mockito/mockito-junit-jupiter/5.14.2/mockito-junit-jupiter-5.14.2.jar:/Users/neeravbhaskarla/.m2/repository/org/skyscreamer/jsonassert/1.5.3/jsonassert-1.5.3.jar:/Users/neeravbhaskarla/.m2/repository/com/vaadin/external/google/android-json/0.0.20131108.vaadin1/android-json-0.0.20131108.vaadin1.jar:/Users/neeravbhaskarla/.m2/repository/org/springframework/spring-core/6.2.5/spring-core-6.2.5.jar:/Users/neeravbhaskarla/.m2/repository/org/springframework/spring-jcl/6.2.5/spring-jcl-6.2.5.jar:/Users/neeravbhaskarla/.m2/repository/org/springframework/spring-test/6.2.5/spring-test-6.2.5.jar:/Users/neeravbhaskarla/.m2/repository/org/xmlunit/xmlunit-core/2.10.0/xmlunit-core-2.10.0.jar:"/>
    <property name="sun.cpu.endian" value="little"/>
    <property name="user.home" value="/Users/neeravbhaskarla"/>
    <property name="user.language" value="en"/>
    <property name="java.specification.vendor" value="Oracle Corporation"/>
    <property name="java.version.date" value="2024-10-15"/>
    <property name="java.home" value="/Users/neeravbhaskarla/.sdkman/candidates/java/23.0.1-graal"/>
    <property name="file.separator" value="/"/>
    <property name="basedir" value="/Users/neeravbhaskarla/Coding/springboot/spring_boot_projects/Job Preparation/configserver"/>
    <property name="java.vm.compressedOopsMode" value="Zero based"/>
    <property name="jdk.internal.vm.ci.enabled" value="true"/>
    <property name="line.separator" value="&#10;"/>
    <property name="java.vm.specification.vendor" value="Oracle Corporation"/>
    <property name="java.specification.name" value="Java Platform API Specification"/>
    <property name="FILE_LOG_CHARSET" value="UTF-8"/>
    <property name="java.awt.headless" value="true"/>
    <property name="apple.awt.application.name" value="ForkedBooter"/>
    <property name="surefire.real.class.path" value="/Users/neeravbhaskarla/Coding/springboot/spring_boot_projects/Job Preparation/configserver/target/surefire/surefirebooter-20250412002200943_3.jar"/>
    <property name="sun.management.compiler" value="HotSpot 64-Bit Tiered Compilers"/>
    <property name="ftp.nonProxyHosts" value="local|*.local|169.254/16|*.169.254/16"/>
    <property name="java.runtime.version" value="23.0.1+11-jvmci-b01"/>
    <property name="user.name" value="neeravbhaskarla"/>
    <property name="stdout.encoding" value="UTF-8"/>
    <property name="path.separator" value=":"/>
    <property name="os.version" value="14.3.1"/>
    <property name="java.runtime.name" value="Java(TM) SE Runtime Environment"/>
    <property name="file.encoding" value="UTF-8"/>
    <property name="java.vm.name" value="Java HotSpot(TM) 64-Bit Server VM"/>
    <property name="java.vendor.version" value="Oracle GraalVM 23.0.1+11.1"/>
    <property name="localRepository" value="/Users/neeravbhaskarla/.m2/repository"/>
    <property name="java.vendor.url.bug" value="https://bugreport.java.com/bugreport/"/>
    <property name="java.io.tmpdir" value="/var/folders/82/pqv_4dxj3gl0qwc7j7l_22qm0000gn/T/"/>
    <property name="java.version" value="23.0.1"/>
    <property name="user.dir" value="/Users/neeravbhaskarla/Coding/springboot/spring_boot_projects/Job Preparation/configserver"/>
    <property name="os.arch" value="aarch64"/>
    <property name="java.vm.specification.name" value="Java Virtual Machine Specification"/>
    <property name="PID" value="79075"/>
    <property name="CONSOLE_LOG_CHARSET" value="UTF-8"/>
    <property name="native.encoding" value="UTF-8"/>
    <property name="java.library.path" value="/Users/neeravbhaskarla/Library/Java/Extensions:/Library/Java/Extensions:/Network/Library/Java/Extensions:/System/Library/Java/Extensions:/usr/lib/java:."/>
    <property name="java.vm.info" value="mixed mode, sharing"/>
    <property name="stderr.encoding" value="UTF-8"/>
    <property name="java.vendor" value="Oracle Corporation"/>
    <property name="java.vm.version" value="23.0.1+11-jvmci-b01"/>
    <property name="sun.io.unicode.encoding" value="UnicodeBig"/>
    <property name="socksNonProxyHosts" value="local|*.local|169.254/16|*.169.254/16"/>
    <property name="java.class.version" value="67.0"/>
    <property name="LOGGED_APPLICATION_NAME" value="[configserver] "/>
  </properties>
  <testcase name="contextLoads" classname="com.microservice.configserver.ConfigserverApplicationTests" time="0.448">
    <system-out><![CDATA[00:22:01.371 [main] INFO org.springframework.test.context.support.AnnotationConfigContextLoaderUtils -- Could not detect default configuration classes for test class [com.microservice.configserver.ConfigserverApplicationTests]: ConfigserverApplicationTests does not declare any static, non-private, non-final, nested classes annotated with @Configuration.
00:22:01.440 [main] INFO org.springframework.boot.test.context.SpringBootTestContextBootstrapper -- Found @SpringBootConfiguration com.microservice.configserver.ConfigserverApplication for test class com.microservice.configserver.ConfigserverApplicationTests

  .   ____          _            __ _ _
 /\\ / ___'_ __ _ _(_)_ __  __ _ \ \ \ \
( ( )\___ | '_ | '_| | '_ \/ _` | \ \ \ \
 \\/  ___)| |_)| | | | | || (_| |  ) ) ) )
  '  |____| .__|_| |_|_| |_\__, | / / / /
 =========|_|==============|___/=/_/_/_/

 :: Spring Boot ::                (v3.4.4)

2025-04-12T00:22:01.986+05:30  INFO 79075 --- [configserver] [           main] c.m.c.ConfigserverApplicationTests       : Starting ConfigserverApplicationTests using Java 23.0.1 with PID 79075 (started by neeravbhaskarla in /Users/neeravbhaskarla/Coding/springboot/spring_boot_projects/Job Preparation/configserver)
2025-04-12T00:22:01.986+05:30  INFO 79075 --- [configserver] [           main] c.m.c.ConfigserverApplicationTests       : No active profile set, falling back to 1 default profile: "default"
2025-04-12T00:22:02.402+05:30  INFO 79075 --- [configserver] [           main] o.s.cloud.context.scope.GenericScope     : BeanFactory id=04baf024-91cf-3745-9f5c-665e4f6c40d3
2025-04-12T00:22:02.864+05:30  INFO 79075 --- [configserver] [           main] DiscoveryClientOptionalArgsConfiguration : Eureka HTTP Client uses RestTemplate.
2025-04-12T00:22:04.507+05:30  WARN 79075 --- [configserver] [           main] iguration$LoadBalancerCaffeineWarnLogger : Spring Cloud LoadBalancer is currently working with the default cache. While this cache implementation is useful for development and tests, it's recommended to use Caffeine cache in production.You can switch to using Caffeine cache, by adding it and org.springframework.cache.caffeine.CaffeineCacheManager to the classpath.
2025-04-12T00:22:04.520+05:30  INFO 79075 --- [configserver] [           main] o.s.c.n.eureka.InstanceInfoFactory       : Setting initial instance status as: STARTING
2025-04-12T00:22:04.532+05:30  INFO 79075 --- [configserver] [           main] com.netflix.discovery.DiscoveryClient    : Initializing Eureka in region us-east-1
2025-04-12T00:22:04.534+05:30  INFO 79075 --- [configserver] [           main] c.n.d.s.r.aws.ConfigClusterResolver      : Resolving eureka endpoints via configuration
2025-04-12T00:22:04.538+05:30  INFO 79075 --- [configserver] [           main] com.netflix.discovery.DiscoveryClient    : Disable delta property : false
2025-04-12T00:22:04.538+05:30  INFO 79075 --- [configserver] [           main] com.netflix.discovery.DiscoveryClient    : Single vip registry refresh property : null
2025-04-12T00:22:04.538+05:30  INFO 79075 --- [configserver] [           main] com.netflix.discovery.DiscoveryClient    : Force full registry fetch : false
2025-04-12T00:22:04.538+05:30  INFO 79075 --- [configserver] [           main] com.netflix.discovery.DiscoveryClient    : Application is null : false
2025-04-12T00:22:04.538+05:30  INFO 79075 --- [configserver] [           main] com.netflix.discovery.DiscoveryClient    : Registered Applications size is zero : true
2025-04-12T00:22:04.538+05:30  INFO 79075 --- [configserver] [           main] com.netflix.discovery.DiscoveryClient    : Application version is -1: true
2025-04-12T00:22:04.538+05:30  INFO 79075 --- [configserver] [           main] com.netflix.discovery.DiscoveryClient    : Getting all instance registry info from the eureka server
2025-04-12T00:22:04.702+05:30  INFO 79075 --- [configserver] [           main] com.netflix.discovery.DiscoveryClient    : The response status is 200
2025-04-12T00:22:04.703+05:30  INFO 79075 --- [configserver] [           main] com.netflix.discovery.DiscoveryClient    : Starting heartbeat executor: renew interval is: 30
2025-04-12T00:22:04.704+05:30  INFO 79075 --- [configserver] [           main] c.n.discovery.InstanceInfoReplicator     : InstanceInfoReplicator onDemand update allowed rate per min is 4
2025-04-12T00:22:04.705+05:30  INFO 79075 --- [configserver] [           main] com.netflix.discovery.DiscoveryClient    : Discovery Client initialized at timestamp 1744397524704 with initial instances count: 0
2025-04-12T00:22:04.707+05:30  INFO 79075 --- [configserver] [           main] o.s.c.n.e.s.EurekaServiceRegistry        : Registering application CONFIGSERVER with eureka with status UP
2025-04-12T00:22:04.707+05:30  INFO 79075 --- [configserver] [           main] com.netflix.discovery.DiscoveryClient    : Saw local status change event StatusChangeEvent [timestamp=1744397524707, current=UP, previous=STARTING]
2025-04-12T00:22:04.708+05:30  INFO 79075 --- [configserver] [foReplicator-%d] com.netflix.discovery.DiscoveryClient    : DiscoveryClient_CONFIGSERVER/192.168.2.105:configserver:8888: registering service...
2025-04-12T00:22:04.716+05:30  INFO 79075 --- [configserver] [           main] c.m.c.ConfigserverApplicationTests       : Started ConfigserverApplicationTests in 3.075 seconds (process running for 3.727)
2025-04-12T00:22:04.732+05:30  INFO 79075 --- [configserver] [foReplicator-%d] com.netflix.discovery.DiscoveryClient    : DiscoveryClient_CONFIGSERVER/192.168.2.105:configserver:8888 - registration status: 204
]]></system-out>
    <system-err><![CDATA[Mockito is currently self-attaching to enable the inline-mock-maker. This will no longer work in future releases of the JDK. Please add Mockito as an agent to your build what is described in Mockito's documentation: https://javadoc.io/doc/org.mockito/mockito-core/latest/org/mockito/Mockito.html#0.3
WARNING: A Java agent has been loaded dynamically (/Users/neeravbhaskarla/.m2/repository/net/bytebuddy/byte-buddy-agent/1.15.11/byte-buddy-agent-1.15.11.jar)
WARNING: If a serviceability tool is in use, please run with -XX:+EnableDynamicAgentLoading to hide this warning
WARNING: If a serviceability tool is not in use, please run with -Djdk.instrument.traceUsage for more information
WARNING: Dynamic loading of agents will be disallowed by default in a future release
]]></system-err>
  </testcase>
</testsuite>